<?xml version="1.0" encoding="UTF-8"?>
<testsuite name="com.mindex.challenge.DataBootstrapTest" tests="1" skipped="0" failures="0" errors="0" timestamp="2021-08-30T00:23:02" hostname="DESKTOP-IK1GK2C" time="0.05">
  <properties/>
  <testcase name="test" classname="com.mindex.challenge.DataBootstrapTest" time="0.05"/>
  <system-out><![CDATA[2021-08-29 20:23:02.657  INFO 6660 --- [    Test worker] .b.t.c.SpringBootTestContextBootstrapper : Neither @ContextConfiguration nor @ContextHierarchy found for test class [com.mindex.challenge.DataBootstrapTest], using SpringBootContextLoader
2021-08-29 20:23:02.657  INFO 6660 --- [    Test worker] o.s.t.c.support.AbstractContextLoader    : Could not detect default resource locations for test class [com.mindex.challenge.DataBootstrapTest]: no resource found for suffixes {-context.xml, Context.groovy}.
2021-08-29 20:23:02.658  INFO 6660 --- [    Test worker] t.c.s.AnnotationConfigContextLoaderUtils : Could not detect default configuration classes for test class [com.mindex.challenge.DataBootstrapTest]: DataBootstrapTest does not declare any static, non-private, non-final, nested classes annotated with @Configuration.
2021-08-29 20:23:02.659  INFO 6660 --- [    Test worker] .b.t.c.SpringBootTestContextBootstrapper : Found @SpringBootConfiguration com.mindex.challenge.ChallengeApplication for test class com.mindex.challenge.DataBootstrapTest
2021-08-29 20:23:02.660  INFO 6660 --- [    Test worker] .b.t.c.SpringBootTestContextBootstrapper : Loaded default TestExecutionListener class names from location [META-INF/spring.factories]: [org.springframework.boot.test.autoconfigure.restdocs.RestDocsTestExecutionListener, org.springframework.boot.test.autoconfigure.web.client.MockRestServiceServerResetTestExecutionListener, org.springframework.boot.test.autoconfigure.web.servlet.MockMvcPrintOnlyOnFailureTestExecutionListener, org.springframework.boot.test.autoconfigure.web.servlet.WebDriverTestExecutionListener, org.springframework.boot.test.mock.mockito.MockitoTestExecutionListener, org.springframework.boot.test.mock.mockito.ResetMocksTestExecutionListener, org.springframework.test.context.web.ServletTestExecutionListener, org.springframework.test.context.support.DirtiesContextBeforeModesTestExecutionListener, org.springframework.test.context.support.DependencyInjectionTestExecutionListener, org.springframework.test.context.support.DirtiesContextTestExecutionListener, org.springframework.test.context.transaction.TransactionalTestExecutionListener, org.springframework.test.context.jdbc.SqlScriptsTestExecutionListener, org.springframework.test.context.event.EventPublishingTestExecutionListener]
2021-08-29 20:23:02.663  INFO 6660 --- [    Test worker] .b.t.c.SpringBootTestContextBootstrapper : Using TestExecutionListeners: [org.springframework.test.context.web.ServletTestExecutionListener@22e813fc, org.springframework.test.context.support.DirtiesContextBeforeModesTestExecutionListener@433d93e7, org.springframework.boot.test.mock.mockito.MockitoTestExecutionListener@87aec6a, org.springframework.boot.test.autoconfigure.SpringBootDependencyInjectionTestExecutionListener@213012a0, org.springframework.test.context.support.DirtiesContextTestExecutionListener@43a59289, org.springframework.test.context.transaction.TransactionalTestExecutionListener@6c2883b1, org.springframework.test.context.jdbc.SqlScriptsTestExecutionListener@336e3be2, org.springframework.test.context.event.EventPublishingTestExecutionListener@126a9a3d, org.springframework.boot.test.autoconfigure.restdocs.RestDocsTestExecutionListener@7db47323, org.springframework.boot.test.autoconfigure.web.client.MockRestServiceServerResetTestExecutionListener@5529522f, org.springframework.boot.test.autoconfigure.web.servlet.MockMvcPrintOnlyOnFailureTestExecutionListener@175ac243, org.springframework.boot.test.autoconfigure.web.servlet.WebDriverTestExecutionListener@51a719e7, org.springframework.boot.test.mock.mockito.ResetMocksTestExecutionListener@fd4459b]
]]></system-out>
  <system-err><![CDATA[]]></system-err>
</testsuite>
