<?xml version="1.0" encoding="UTF-8"?>
<testsuite name="com.mindex.challenge.service.impl.EmployeeServiceImplTest" tests="1" skipped="0" failures="0" errors="0" timestamp="2021-08-30T00:23:04" hostname="DESKTOP-IK1GK2C" time="0.023">
  <properties/>
  <testcase name="testCreateReadUpdate" classname="com.mindex.challenge.service.impl.EmployeeServiceImplTest" time="0.023"/>
  <system-out><![CDATA[2021-08-29 20:23:04.077  INFO 6660 --- [    Test worker] .b.t.c.SpringBootTestContextBootstrapper : Neither @ContextConfiguration nor @ContextHierarchy found for test class [com.mindex.challenge.service.impl.EmployeeServiceImplTest], using SpringBootContextLoader
2021-08-29 20:23:04.078  INFO 6660 --- [    Test worker] o.s.t.c.support.AbstractContextLoader    : Could not detect default resource locations for test class [com.mindex.challenge.service.impl.EmployeeServiceImplTest]: no resource found for suffixes {-context.xml, Context.groovy}.
2021-08-29 20:23:04.078  INFO 6660 --- [    Test worker] t.c.s.AnnotationConfigContextLoaderUtils : Could not detect default configuration classes for test class [com.mindex.challenge.service.impl.EmployeeServiceImplTest]: EmployeeServiceImplTest does not declare any static, non-private, non-final, nested classes annotated with @Configuration.
2021-08-29 20:23:04.079  INFO 6660 --- [    Test worker] .b.t.c.SpringBootTestContextBootstrapper : Found @SpringBootConfiguration com.mindex.challenge.ChallengeApplication for test class com.mindex.challenge.service.impl.EmployeeServiceImplTest
2021-08-29 20:23:04.081  INFO 6660 --- [    Test worker] .b.t.c.SpringBootTestContextBootstrapper : Loaded default TestExecutionListener class names from location [META-INF/spring.factories]: [org.springframework.boot.test.autoconfigure.restdocs.RestDocsTestExecutionListener, org.springframework.boot.test.autoconfigure.web.client.MockRestServiceServerResetTestExecutionListener, org.springframework.boot.test.autoconfigure.web.servlet.MockMvcPrintOnlyOnFailureTestExecutionListener, org.springframework.boot.test.autoconfigure.web.servlet.WebDriverTestExecutionListener, org.springframework.boot.test.mock.mockito.MockitoTestExecutionListener, org.springframework.boot.test.mock.mockito.ResetMocksTestExecutionListener, org.springframework.test.context.web.ServletTestExecutionListener, org.springframework.test.context.support.DirtiesContextBeforeModesTestExecutionListener, org.springframework.test.context.support.DependencyInjectionTestExecutionListener, org.springframework.test.context.support.DirtiesContextTestExecutionListener, org.springframework.test.context.transaction.TransactionalTestExecutionListener, org.springframework.test.context.jdbc.SqlScriptsTestExecutionListener, org.springframework.test.context.event.EventPublishingTestExecutionListener]
2021-08-29 20:23:04.082  INFO 6660 --- [    Test worker] .b.t.c.SpringBootTestContextBootstrapper : Using TestExecutionListeners: [org.springframework.test.context.web.ServletTestExecutionListener@784212, org.springframework.test.context.support.DirtiesContextBeforeModesTestExecutionListener@5ac646b3, org.springframework.boot.test.mock.mockito.MockitoTestExecutionListener@24b38e8f, org.springframework.boot.test.autoconfigure.SpringBootDependencyInjectionTestExecutionListener@5cf072ea, org.springframework.test.context.support.DirtiesContextTestExecutionListener@1edac3b4, org.springframework.test.context.transaction.TransactionalTestExecutionListener@7641ed02, org.springframework.test.context.jdbc.SqlScriptsTestExecutionListener@4ebed2b3, org.springframework.test.context.event.EventPublishingTestExecutionListener@11069eac, org.springframework.boot.test.autoconfigure.restdocs.RestDocsTestExecutionListener@5909285b, org.springframework.boot.test.autoconfigure.web.client.MockRestServiceServerResetTestExecutionListener@2059f785, org.springframework.boot.test.autoconfigure.web.servlet.MockMvcPrintOnlyOnFailureTestExecutionListener@18ca9277, org.springframework.boot.test.autoconfigure.web.servlet.WebDriverTestExecutionListener@3d9c8c3c, org.springframework.boot.test.mock.mockito.ResetMocksTestExecutionListener@2dc73024]
2021-08-29 20:23:04.089 DEBUG 6660 --- [o-auto-1-exec-3] c.m.c.controller.EmployeeController      : Received employee create request for [com.mindex.challenge.data.Employee@7bca9f39]
2021-08-29 20:23:04.090 DEBUG 6660 --- [o-auto-1-exec-3] c.m.c.service.impl.EmployeeServiceImpl   : Creating employee [com.mindex.challenge.data.Employee@7bca9f39]
2021-08-29 20:23:04.095 DEBUG 6660 --- [o-auto-1-exec-4] c.m.c.controller.EmployeeController      : Received employee create request for id [da02345e-de61-4752-b5ce-9d9e0cbbb238]
2021-08-29 20:23:04.096 DEBUG 6660 --- [o-auto-1-exec-4] c.m.c.service.impl.EmployeeServiceImpl   : Creating employee with id [da02345e-de61-4752-b5ce-9d9e0cbbb238]
2021-08-29 20:23:04.103 DEBUG 6660 --- [o-auto-1-exec-5] c.m.c.controller.EmployeeController      : Received employee create request for id [da02345e-de61-4752-b5ce-9d9e0cbbb238] and employee [com.mindex.challenge.data.Employee@6907d9cf]
2021-08-29 20:23:04.103 DEBUG 6660 --- [o-auto-1-exec-5] c.m.c.service.impl.EmployeeServiceImpl   : Updating employee [com.mindex.challenge.data.Employee@6907d9cf]
]]></system-out>
  <system-err><![CDATA[]]></system-err>
</testsuite>
